<?xml version="1.0" encoding="UTF-8"?>
<!-- Generated by org.testng.reporters.JUnitReportReporter -->
<testsuite skipped="0" hostname="ON34C02691712" name="GAGERegression.TC0007_SponsorInfo" tests="1" failures="0" timestamp="09 Aug 2018 18:47:01 GMT" time="36.485" errors="0">
  <testcase name="verifyLoginWithValidCredentials" time="36.485" classname="GAGERegression.TC0007_SponsorInfo"/>
</testsuite> <!-- GAGERegression.TC0007_SponsorInfo -->
