<?xml version="1.0" encoding="UTF-8"?>
<!-- Generated by org.testng.reporters.JUnitReportReporter -->
<testsuite skipped="0" hostname="ON34C02691712" name="CAMSRegression.TC002_VerifyRegisterClient" tests="1" failures="0" timestamp="17 Aug 2018 19:30:34 GMT" time="121.726" errors="0">
  <testcase name="verifyLoginCamps" time="121.726" classname="CAMSRegression.TC002_VerifyRegisterClient"/>
</testsuite> <!-- CAMSRegression.TC002_VerifyRegisterClient -->
