<?xml version="1.0" encoding="UTF-8"?>
<!-- Generated by org.testng.reporters.JUnitReportReporter -->
<testsuite skipped="0" hostname="ON34C02691712" name="GAGERegression.TC0005_GrantsAndBonuses" tests="1" failures="0" timestamp="16 Aug 2018 19:55:38 GMT" time="18.310" errors="0">
  <testcase name="verifyLoginWithValidCredentials" time="18.310" classname="GAGERegression.TC0005_GrantsAndBonuses"/>
</testsuite> <!-- GAGERegression.TC0005_GrantsAndBonuses -->
