<?xml version="1.0" encoding="UTF-8"?>
<!-- Generated by org.testng.reporters.JUnitReportReporter -->
<testsuite skipped="0" hostname="ON34C02691712" name="CAMSRegression.TC002_VerifyRegisterClient" tests="1" failures="0" timestamp="13 Jul 2018 18:43:06 GMT" time="79.139" errors="0">
  <testcase name="verifyLoginCamps" time="79.139" classname="CAMSRegression.TC002_VerifyRegisterClient"/>
</testsuite> <!-- CAMSRegression.TC002_VerifyRegisterClient -->
