<?xml version="1.0" encoding="UTF-8"?>
<!-- Generated by org.testng.reporters.JUnitReportReporter -->
<testsuite skipped="0" hostname="ON34C02691712" name="APPRRegression.TC006_SearchExaminations" tests="1" failures="0" timestamp="20 Aug 2018 18:14:04 GMT" time="17.662" errors="0">
  <testcase name="verifySearchExaminations" time="17.662" classname="APPRRegression.TC006_SearchExaminations"/>
</testsuite> <!-- APPRRegression.TC006_SearchExaminations -->
