<?xml version="1.0" encoding="UTF-8"?>
<!-- Generated by org.testng.reporters.JUnitReportReporter -->
<testsuite skipped="0" hostname="ON34C02691712" name="APPRRegression.TC007_SearchFormDocument" tests="1" failures="0" timestamp="20 Aug 2018 19:28:06 GMT" time="17.739" errors="0">
  <testcase name="verifySearchFormDocument" time="17.739" classname="APPRRegression.TC007_SearchFormDocument"/>
</testsuite> <!-- APPRRegression.TC007_SearchFormDocument -->
