<?xml version="1.0" encoding="UTF-8"?>
<!-- Generated by org.testng.reporters.JUnitReportReporter -->
<testsuite skipped="0" hostname="ON34C02691712" name="Login.TC0001_loginwithInavlidCredentials" tests="1" failures="0" timestamp="02 May 2018 20:42:35 GMT" time="22.246" errors="0">
  <testcase name="verifyLoginWithInvalidCredentials" time="22.246" classname="Login.TC0001_loginwithInavlidCredentials"/>
</testsuite> <!-- Login.TC0001_loginwithInavlidCredentials -->
