<?xml version="1.0" encoding="UTF-8"?>
<!-- Generated by org.testng.reporters.JUnitReportReporter -->
<testsuite skipped="0" hostname="ON34C02691712" name="APPRRegression.TC002_SearchClient" tests="1" failures="0" timestamp="23 Jul 2018 19:09:20 GMT" time="51.411" errors="0">
  <testcase name="verifySearchClient" time="51.411" classname="APPRRegression.TC002_SearchClient"/>
</testsuite> <!-- APPRRegression.TC002_SearchClient -->
