<?xml version="1.0" encoding="UTF-8"?>
<!-- Generated by org.testng.reporters.JUnitReportReporter -->
<testsuite skipped="0" hostname="ON34C02691712" name="CAMSRegression.TC001_verifyLoginCamps" tests="1" failures="0" timestamp="13 Jul 2018 18:41:13 GMT" time="18.929" errors="0">
  <testcase name="verifyLoginCamps" time="18.929" classname="CAMSRegression.TC001_verifyLoginCamps"/>
</testsuite> <!-- CAMSRegression.TC001_verifyLoginCamps -->
