<?xml version="1.0" encoding="UTF-8"?>
<!-- Generated by org.testng.reporters.JUnitReportReporter -->
<testsuite skipped="0" hostname="ON34C02691712" name="APPRRegression.TC003_CreateAPPRSponsor" tests="1" failures="0" timestamp="30 Jul 2018 20:14:27 GMT" time="54.451" errors="0">
  <testcase name="verifyLoginWithValidCredentials" time="54.451" classname="APPRRegression.TC003_CreateAPPRSponsor"/>
</testsuite> <!-- APPRRegression.TC003_CreateAPPRSponsor -->
