<?xml version="1.0" encoding="UTF-8"?>
<!-- Generated by org.testng.reporters.JUnitReportReporter -->
<testsuite skipped="0" hostname="ON34C02691712" name="GAGERegression.TC0005_GrantsAndBonuses" tests="1" failures="0" timestamp="13 Aug 2018 20:01:51 GMT" time="39.519" errors="0">
  <testcase name="verifyLoginWithValidCredentials" time="39.519" classname="GAGERegression.TC0005_GrantsAndBonuses"/>
</testsuite> <!-- GAGERegression.TC0005_GrantsAndBonuses -->
