<?xml version="1.0" encoding="UTF-8"?>
<!-- Generated by org.testng.reporters.JUnitReportReporter -->
<testsuite skipped="0" hostname="ON34C02691712" name="GAGERegression.TC0001_GageOneKeySignUp" tests="1" failures="0" timestamp="31 Jul 2018 19:24:53 GMT" time="27.588" errors="0">
  <testcase name="verifyLoginWithValidCredentials" time="27.588" classname="GAGERegression.TC0001_GageOneKeySignUp"/>
</testsuite> <!-- GAGERegression.TC0001_GageOneKeySignUp -->
