<?xml version="1.0" encoding="UTF-8"?>
<!-- Generated by org.testng.reporters.JUnitReportReporter -->
<testsuite skipped="0" hostname="ON34C02691712" name="Login.TC0002_loginwithvalidcredentials" tests="1" failures="0" timestamp="02 May 2018 20:44:46 GMT" time="22.391" errors="0">
  <testcase name="verifyLoginWithValidCredentials" time="22.391" classname="Login.TC0002_loginwithvalidcredentials"/>
</testsuite> <!-- Login.TC0002_loginwithvalidcredentials -->
